Release 14.7 - ngc2edif P.20131013 (nt64)
Copyright (c) 1995-2013 Xilinx, Inc.  All rights reserved.
Reading design ula2bits.ngc ...
WARNING:NetListWriters:298 - No output is written to ula2bits.xncf, ignored.
Processing design ...
   Preping design's networks ...
   Preping design's macros ...
  finished :Prep
Writing EDIF netlist file ula2bits.edif ...
ngc2edif: Total memory usage is 78832 kilobytes

Release 14.7 - ngc2edif P.20131013 (nt64)
Copyright (c) 1995-2013 Xilinx, Inc.  All rights reserved.
Reading design ula2bits.ngc ...
WARNING:NetListWriters:298 - No output is written to ula2bits.xncf, ignored.
Processing design ...
   Preping design's networks ...
   Preping design's macros ...
  finished :Prep
Writing EDIF netlist file ula2bits.edif ...
ngc2edif: Total memory usage is 78448 kilobytes

Release 14.7 - ngc2edif P.20131013 (nt64)
Copyright (c) 1995-2013 Xilinx, Inc.  All rights reserved.
Reading design ula2bits.ngc ...
WARNING:NetListWriters:298 - No output is written to ula2bits.xncf, ignored.
Processing design ...
   Preping design's networks ...
   Preping design's macros ...
  finished :Prep
Writing EDIF netlist file ula2bits.edif ...
ngc2edif: Total memory usage is 78704 kilobytes

Release 14.7 - ngc2edif P.20131013 (nt64)
Copyright (c) 1995-2013 Xilinx, Inc.  All rights reserved.
Reading design ula2bits.ngc ...
WARNING:NetListWriters:298 - No output is written to ula2bits.xncf, ignored.
Processing design ...
   Preping design's networks ...
   Preping design's macros ...
  finished :Prep
Writing EDIF netlist file ula2bits.edif ...
ngc2edif: Total memory usage is 78768 kilobytes

