#-----------------------------------------------------------
# PlanAhead v14.7 (64-bit)
# Build 321239 by xbuild on Fri Sep 27 19:29:51 MDT 2013
# Start of session at: Thu Jul 07 08:58:28 2022
# Process ID: 1128
# Log file: C:/Sistemas Digitais/lab1/planAhead_run_1/planAhead.log
# Journal file: C:/Sistemas Digitais/lab1/planAhead_run_1/planAhead.jou
#-----------------------------------------------------------
INFO: [Common 17-78] Attempting to get a license: PlanAhead
INFO: [Common 17-290] Got license for PlanAhead
INFO: [Common 17-86] Your PlanAhead license expires in -2349 day(s)
INFO: [Device 21-36] Loading parts and site information from C:/Xilinx/14.7/ISE_DS/PlanAhead/data/parts/arch.xml
Parsing RTL primitives file [C:/Xilinx/14.7/ISE_DS/PlanAhead/data/parts/xilinx/rtl/prims/rtl_prims.xml]
Finished parsing RTL primitives file [C:/Xilinx/14.7/ISE_DS/PlanAhead/data/parts/xilinx/rtl/prims/rtl_prims.xml]
start_gui
source {C:/Sistemas Digitais/lab1/pa.fromHdl.tcl}
# create_project -name lab1 -dir "C:/Sistemas Digitais/lab1/planAhead_run_1" -part xc6slx16csg324-3N
create_project: Time (s): elapsed = 00:00:05 . Memory (MB): peak = 426.980 ; gain = 63.836
# set_param project.pinAheadLayout yes
# set srcset [get_property srcset [current_run -impl]]
# set_property target_constrs_file "ula2bits.ucf" [current_fileset -constrset]
Adding file 'C:/Sistemas Digitais/lab1/ula2bits.ucf' to fileset 'constrs_1'
# set hdlfile [add_files [list {ula2bits.vhd}]]
# set_property file_type VHDL $hdlfile
# set_property library work $hdlfile
# set_property top ula2bits $srcset
# add_files [list {ula2bits.ucf}] -fileset [get_property constrset [current_run]]
# open_rtl_design -part xc6slx16csg324-3N
Using Verific elaboration
Parsing VHDL file "C:/Xilinx/14.7/ISE_DS/PlanAhead/data/parts/xilinx/rtl/lib/synplify/synattr.vhd" into library synplify
Parsing VHDL file "C:/Xilinx/14.7/ISE_DS/PlanAhead/data/parts/xilinx/rtl/lib/synplify/synattr.vhd" into library synplify
Parsing VHDL file "C:/Sistemas Digitais/lab1/ula2bits.vhd" into library work
Loading clock regions from C:/Xilinx/14.7/ISE_DS/PlanAhead/data\parts/xilinx/spartan6/spartan6lx/xc6slx16/ClockRegion.xml
Loading clock buffers from C:/Xilinx/14.7/ISE_DS/PlanAhead/data\parts/xilinx/spartan6/spartan6lx/xc6slx16/ClockBuffers.xml
Loading package pin functions from C:/Xilinx/14.7/ISE_DS/PlanAhead/data\parts/xilinx/spartan6/PinFunctions.xml...
Loading package from C:/Xilinx/14.7/ISE_DS/PlanAhead/data\parts/xilinx/spartan6/spartan6lx/xc6slx16/csg324/Package.xml
Loading io standards from C:/Xilinx/14.7/ISE_DS/PlanAhead/data\./parts/xilinx/spartan6/IOStandards.xml
Loading device configuration modes from C:/Xilinx/14.7/ISE_DS/PlanAhead/data\parts/xilinx/spartan6/ConfigModes.xml
Loading list of drcs for the architecture : C:/Xilinx/14.7/ISE_DS/PlanAhead/data\./parts/xilinx/spartan6/drc.xml
Parsing UCF File [C:/Sistemas Digitais/lab1/ula2bits.ucf]
Finished Parsing UCF File [C:/Sistemas Digitais/lab1/ula2bits.ucf]
INFO: [Project 1-111] Unisim Transformation Summary:
No Unisim elements were transformed.

Phase 0 | Netlist Checksum: 0601d70d
open_rtl_design: Time (s): elapsed = 00:00:30 . Memory (MB): peak = 593.875 ; gain = 166.895
update_compile_order -fileset sim_1
exit
ERROR: [PlanAhead 12-106] *** Exception: ui.h.b: Found deleted key in HTclEventBroker. Verify if the classes listed here call cleanup()
HTclEvent: SIGNAL_MODIFY   Classes: ui.views.aR 
HTclEvent: DEBUG_CORE_CONFIG_CHANGE   Classes: ui.views.aR 
HTclEvent: DEBUG_PORT_CONFIG_CHANGE   Classes: ui.views.aR 
HTclEvent: SIGNAL_BUS_MODIFY   Classes: ui.views.aR 
 (See C:/Sistemas Digitais/lab1\planAhead_pid1128.debug)
ERROR: [Common 17-39] 'stop_gui' failed due to earlier errors.
INFO: [Common 17-206] Exiting PlanAhead at Thu Jul 07 09:05:06 2022...
INFO: [Common 17-83] Releasing license: PlanAhead
