
****** PlanAhead v14.7 (64-bit)
  **** Build 321239 by xbuild on Fri Sep 27 19:29:51 MDT 2013
    ** Copyright 1986-1999, 2001-2013 Xilinx, Inc. All Rights Reserved.

INFO: [Common 17-78] Attempting to get a license: PlanAhead
INFO: [Common 17-290] Got license for PlanAhead
INFO: [Common 17-86] Your PlanAhead license expires in -2349 day(s)
INFO: [Device 21-36] Loading parts and site information from C:/Xilinx/14.7/ISE_DS/PlanAhead/data/parts/arch.xml
Parsing RTL primitives file [C:/Xilinx/14.7/ISE_DS/PlanAhead/data/parts/xilinx/rtl/prims/rtl_prims.xml]
Finished parsing RTL primitives file [C:/Xilinx/14.7/ISE_DS/PlanAhead/data/parts/xilinx/rtl/prims/rtl_prims.xml]
start_gui
source {C:/Sistemas Digitais/lab1/pa.fromNetlist.tcl}
# create_project -name lab1 -dir "C:/Sistemas Digitais/lab1/planAhead_run_5" -part xc3s100ecp132-5
# set_property design_mode GateLvl [get_property srcset [current_run -impl]]
# set_property edif_top_file "C:/Sistemas Digitais/lab1/ula2bits.ngc" [ get_property srcset [ current_run ] ]
# add_files -norecurse { {C:/Sistemas Digitais/lab1} }
# set_param project.pinAheadLayout  yes
# set_property target_constrs_file "ula2bits.ucf" [current_fileset -constrset]
Adding file 'C:/Sistemas Digitais/lab1/ula2bits.ucf' to fileset 'constrs_1'
# add_files [list {ula2bits.ucf}] -fileset [get_property constrset [current_run]]
# link_design
Design is defaulting to srcset: sources_1
Design is defaulting to constrset: constrs_1
Design is defaulting to project part: xc3s100ecp132-5
Release 14.7 - ngc2edif P.20131013 (nt64)
Copyright (c) 1995-2013 Xilinx, Inc.  All rights reserved.
Reading design ula2bits.ngc ...
WARNING:NetListWriters:298 - No output is written to ula2bits.xncf, ignored.
Processing design ...
   Preping design's networks ...
   Preping design's macros ...
  finished :Prep
Writing EDIF netlist file ula2bits.edif ...
ngc2edif: Total memory usage is 78768 kilobytes

Parsing EDIF File [./planAhead_run_5/lab1.data/cache/ula2bits_ngc_zx.edif]
Finished Parsing EDIF File [./planAhead_run_5/lab1.data/cache/ula2bits_ngc_zx.edif]
INFO: [Designutils 20-910] Reading macro library C:/Xilinx/14.7/ISE_DS/PlanAhead/data\./parts/xilinx/spartan3e/spartan3e/hd_int_macros.edn
Parsing EDIF File [C:/Xilinx/14.7/ISE_DS/PlanAhead/data\./parts/xilinx/spartan3e/spartan3e/hd_int_macros.edn]
Finished Parsing EDIF File [C:/Xilinx/14.7/ISE_DS/PlanAhead/data\./parts/xilinx/spartan3e/spartan3e/hd_int_macros.edn]
Loading clock regions from C:/Xilinx/14.7/ISE_DS/PlanAhead/data\parts/xilinx/spartan3e/spartan3e/xc3s100e/ClockRegion.xml
Loading clock buffers from C:/Xilinx/14.7/ISE_DS/PlanAhead/data\parts/xilinx/spartan3e/spartan3e/xc3s100e/ClockBuffers.xml
Loading package from C:/Xilinx/14.7/ISE_DS/PlanAhead/data\parts/xilinx/spartan3e/spartan3e/xc3s100e/cp132/Package.xml
Loading io standards from C:/Xilinx/14.7/ISE_DS/PlanAhead/data\./parts/xilinx/spartan3e/IOStandards.xml
INFO: [Device 21-19] Loading pkg sso from C:/Xilinx/14.7/ISE_DS/PlanAhead/data\parts/xilinx/spartan3e/spartan3e/xc3s100e/cp132/SSORules.xml
Loading list of drcs for the architecture : C:/Xilinx/14.7/ISE_DS/PlanAhead/data\./parts/xilinx/spartan3e/spartan3e/drc.xml
INFO: [Timing 38-77] Reading timing library C:/Xilinx/14.7/ISE_DS/PlanAhead/data\parts/xilinx/spartan3e/spartan3e/spartan3e-5.lib.
INFO: [Timing 38-34] Done reading timing library C:/Xilinx/14.7/ISE_DS/PlanAhead/data\parts/xilinx/spartan3e/spartan3e/spartan3e-5.lib.
Parsing UCF File [C:/Sistemas Digitais/lab1/ula2bits.ucf]
CRITICAL WARNING: [Designutils 20-30] Unrecognized site V16 [C:/Sistemas Digitais/lab1/ula2bits.ucf:4]
CRITICAL WARNING: [Designutils 20-30] Unrecognized site U16 [C:/Sistemas Digitais/lab1/ula2bits.ucf:5]
CRITICAL WARNING: [Designutils 20-30] Unrecognized site T10 [C:/Sistemas Digitais/lab1/ula2bits.ucf:6]
CRITICAL WARNING: [Designutils 20-30] Unrecognized site T9 [C:/Sistemas Digitais/lab1/ula2bits.ucf:7]
CRITICAL WARNING: [Designutils 20-30] Unrecognized site V9 [C:/Sistemas Digitais/lab1/ula2bits.ucf:8]
CRITICAL WARNING: [Designutils 20-30] Unrecognized site M8 [C:/Sistemas Digitais/lab1/ula2bits.ucf:9]
CRITICAL WARNING: [Designutils 20-30] Unrecognized site U8 [C:/Sistemas Digitais/lab1/ula2bits.ucf:10]
Finished Parsing UCF File [C:/Sistemas Digitais/lab1/ula2bits.ucf]
INFO: [Designutils 20-20] Invalid constraints found, use command 'write_ucf -constraints invalid <file>' to save all the invalid constraints to a file
INFO: [Project 1-111] Unisim Transformation Summary:
No Unisim elements were transformed.

Phase 0 | Netlist Checksum: 7c97a784
link_design: Time (s): elapsed = 00:00:10 . Memory (MB): peak = 528.098 ; gain = 98.348
startgroup
set_property package_pin L3 [get_ports {a[1]}]
endgroup
startgroup
set_property package_pin P11 [get_ports {a[0]}]
endgroup
set_property package_pin "" [get_ports [list  {b[1]}]]
startgroup
set_property package_pin K3 [get_ports {b[0]}]
endgroup
startgroup
set_property package_pin B4 [get_ports {b[1]}]
endgroup
startgroup
set_property package_pin F3 [get_ports {saida[1]}]
endgroup
startgroup
set_property package_pin G3 [get_ports {saida[0]}]
endgroup
startgroup
set_property package_pin M11 [get_ports {sel[0]}]
endgroup
startgroup
set_property package_pin M5 [get_ports {sel[1]}]
endgroup
save_constraints
